Added Component: Designator=U2(STM-UFQFPN48_N)
Add component (AddParameter): Name = "ComponentLink1Description"; Value = "Manufacturer URL"; VariantName = "[No Variations]"
Add component (AddParameter): Name = "ComponentLink1URL"; Value = "http://www.st.com/web/en/home.html"; VariantName = "[No Variations]"
Add component (AddParameter): Name = "ComponentLink2Description"; Value = "Datasheet"; VariantName = "[No Variations]"
Add component (AddParameter): Name = "ComponentLink2URL"; Value = "http://www.st.com/st-web-ui/static/active/en/resource/technical/document/data_brief/DM00071938.pdf"; VariantName = "[No Variations]"
Add component (AddParameter): Name = "ComponentLink3Description"; Value = "Package Specification"; VariantName = "[No Variations]"
Add component (AddParameter): Name = "ComponentLink3URL"; Value = "http://www.st.com/st-web-ui/static/active/en/resource/technical/document/data_brief/DM00071938.pdf"; VariantName = "[No Variations]"
Add component (AddParameter): Name = "Core"; Value = "ARM Cortex-M4"; VariantName = "[No Variations]"
Add component (AddParameter): Name = "DatasheetVersion"; Value = "Rev. 1"; VariantName = "[No Variations]"
Add component (AddParameter): Name = "FLASH Size (Prog) (kB)"; Value = "256"; VariantName = "[No Variations]"
Add component (AddParameter): Name = "I/Os (High Current)"; Value = "36"; VariantName = "[No Variations]"
Add component (AddParameter): Name = "Internal RAM Size (kB)"; Value = "64"; VariantName = "[No Variations]"
Add component (AddParameter): Name = "Manufacturer"; Value = "STMicroelectronics"; VariantName = "[No Variations]"
Add component (AddParameter): Name = "Mounting Technology"; Value = "Surface Mount"; VariantName = "[No Variations]"
Add component (AddParameter): Name = "Operating Frequency(F) (Processor speed) (MHz)"; Value = "84"; VariantName = "[No Variations]"
Add component (AddParameter): Name = "PackageDescription"; Value = "48-Pin Ultra Thin Fine Pitch Quad Flat No-Lead, 7 x 7 x 0.6 mm Body, 0.5 mm Pitch, Exposed Pad"; VariantName = "[No Variations]"
Add component (AddParameter): Name = "PackageReference"; Value = "UFQFPN48"; VariantName = "[No Variations]"
Add component (AddParameter): Name = "PackageVersion"; Value = "Rev. 1, 04/2013"; VariantName = "[No Variations]"
Add component (AddParameter): Name = "Packing"; Value = "Tray"; VariantName = "[No Variations]"
Add component (AddParameter): Name = "PartNumber"; Value = "STM32F401CCU6"; VariantName = "[No Variations]"
Add component (AddParameter): Name = "Supplier 1"; Value = "Newark"; VariantName = "[No Variations]"
Add component (AddParameter): Name = "Supplier 2"; Value = "Mouser"; VariantName = "[No Variations]"
Add component (AddParameter): Name = "Supplier Part Number 1"; Value = "19X6217"; VariantName = "[No Variations]"
Add component (AddParameter): Name = "Supplier Part Number 2"; Value = "511-STM32F401CCU6"; VariantName = "[No Variations]"
Add component (AddParameter): Name = "Supply Voltage(Vcc) max (V)"; Value = "3.6"; VariantName = "[No Variations]"
Add component (AddParameter): Name = "Supply Voltage(Vcc) min (V)"; Value = "1.8"; VariantName = "[No Variations]"
Added Pin To Net: NetName=NetC1_2 Pin=U2-1
Added Pin To Net: NetName=LED Pin=U2-2
Added Pin To Net: NetName=OSC32_IN Pin=U2-3
Added Pin To Net: NetName=OSC32_OUT Pin=U2-4
Added Pin To Net: NetName=OSC_IN Pin=U2-5
Added Pin To Net: NetName=OSC_OUT Pin=U2-6
Added Pin To Net: NetName=RST Pin=U2-7
Added Pin To Net: NetName=GND Pin=U2-8
Added Pin To Net: NetName=3V3 Pin=U2-9
Added Pin To Net: NetName=TFT_RES Pin=U2-11
Added Pin To Net: NetName=EN Pin=U2-12
Added Pin To Net: NetName=Power_ON Pin=U2-13
Added Pin To Net: NetName=TFT_CS Pin=U2-14
Added Pin To Net: NetName=TFT_SCL Pin=U2-15
Added Pin To Net: NetName=BAT_DET Pin=U2-16
Added Pin To Net: NetName=TFT_SDA Pin=U2-17
Added Pin To Net: NetName=KEY1 Pin=U2-18
Added Pin To Net: NetName=KEY2 Pin=U2-19
Added Pin To Net: NetName=KEY3 Pin=U2-20
Added Pin To Net: NetName=VCAP_1 Pin=U2-22
Added Pin To Net: NetName=GND Pin=U2-23
Added Pin To Net: NetName=3V3 Pin=U2-24
Added Pin To Net: NetName=MAX30102_SCL Pin=U2-25
Added Pin To Net: NetName=MAX30102_SDA Pin=U2-26
Added Pin To Net: NetName=MAX30102_INT Pin=U2-27
Added Pin To Net: NetName=TFT_DC Pin=U2-29
Added Pin To Net: NetName=TFT_BLK Pin=U2-31
Added Pin To Net: NetName=SWDIO Pin=U2-34
Added Pin To Net: NetName=GND Pin=U2-35
Added Pin To Net: NetName=3V3 Pin=U2-36
Added Pin To Net: NetName=SWCLK Pin=U2-37
Added Pin To Net: NetName=BAT_CHG Pin=U2-38
Added Pin To Net: NetName=MPU6050_INT Pin=U2-41
Added Pin To Net: NetName=MPU6050_SCL Pin=U2-42
Added Pin To Net: NetName=MPU6050_SDA Pin=U2-43
Added Pin To Net: NetName=GND Pin=U2-44
Added Pin To Net: NetName=BMP180_SCL Pin=U2-45
Added Pin To Net: NetName=BMP180_SDA Pin=U2-46
Added Pin To Net: NetName=GND Pin=U2-47
Added Pin To Net: NetName=3V3 Pin=U2-48
Added Pin To Net: NetName=GND Pin=U2-49
